app/build/intermediates/manifest_merge_blame_file/debug/processDebugMainManifest/manifest-merger-blame-debug-report.txt
1<?xml version="1.0" encoding="utf-8"?>
2<manifest xmlns:android="http://schemas.android.com/apk/res/android"
3    package="com.zebra.rfid.demo.sdksample"
4    android:versionCode="1"
5    android:versionName="1.0" >
6
7    <uses-sdk
7-->INJECTED
8        android:minSdkVersion="26"
8-->INJECTED
9        android:targetSdkVersion="33" />
9-->INJECTED
10
11    <uses-permission android:name="android.permission.BLUETOOTH" />
11-->src/main/AndroidManifest.xml:5:5-68
11-->src/main/AndroidManifest.xml:5:22-65
12    <uses-permission android:name="android.permission.BLUETOOTH_ADMIN" />
12-->src/main/AndroidManifest.xml:6:5-74
12-->src/main/AndroidManifest.xml:6:22-71
13    <uses-permission android:name="android.permission.BLUETOOTH_CONNECT" />
13-->src/main/AndroidManifest.xml:7:5-76
13-->src/main/AndroidManifest.xml:7:22-73
14    <uses-permission android:name="android.permission.BLUETOOTH_SCAN" />
14-->src/main/AndroidManifest.xml:8:5-73
14-->src/main/AndroidManifest.xml:8:22-70
15    <uses-permission android:name="android.permission.BLUETOOTH_ADVERTISE" />
15-->src/main/AndroidManifest.xml:9:5-78
15-->src/main/AndroidManifest.xml:9:22-75
16    <uses-permission android:name="android.permission.READ_EXTERNAL_STORAGE" />
16-->[API3_ZIOTCTRANSPORT-release-2.0.5.238.aar] AndroidManifest.xml:7:5-80
16-->[API3_ZIOTCTRANSPORT-release-2.0.5.238.aar] AndroidManifest.xml:7:22-77
17    <uses-permission android:name="android.permission.ACCESS_COARSE_LOCATION" />
17-->[BarcodeScannerLibrary.aar] AndroidManifest.xml:9:5-81
17-->[BarcodeScannerLibrary.aar] AndroidManifest.xml:9:22-78
18    <uses-permission android:name="android.permission.ACCESS_FINE_LOCATION" />
18-->[BarcodeScannerLibrary.aar] AndroidManifest.xml:10:5-79
18-->[BarcodeScannerLibrary.aar] AndroidManifest.xml:10:22-76
19
20    <permission
20-->[androidx.core:core:1.10.1] AndroidManifest.xml:22:5-24:47
21        android:name="com.zebra.rfid.demo.sdksample.DYNAMIC_RECEIVER_NOT_EXPORTED_PERMISSION"
21-->[androidx.core:core:1.10.1] AndroidManifest.xml:23:9-81
22        android:protectionLevel="signature" />
22-->[androidx.core:core:1.10.1] AndroidManifest.xml:24:9-44
23
24    <uses-permission android:name="com.zebra.rfid.demo.sdksample.DYNAMIC_RECEIVER_NOT_EXPORTED_PERMISSION" />
24-->[androidx.core:core:1.10.1] AndroidManifest.xml:26:5-97
24-->[androidx.core:core:1.10.1] AndroidManifest.xml:26:22-94
25
26    <application
26-->src/main/AndroidManifest.xml:10:5-29:19
27        android:allowBackup="false"
27-->[BarcodeScannerLibrary.aar] AndroidManifest.xml:14:9-36
28        android:appComponentFactory="androidx.core.app.CoreComponentFactory"
28-->src/main/AndroidManifest.xml:15:9-77
29        android:debuggable="true"
30        android:extractNativeLibs="false"
30-->INJECTED
31        android:icon="@mipmap/ic_launcher"
31-->src/main/AndroidManifest.xml:11:9-43
32        android:label="@string/app_name"
32-->src/main/AndroidManifest.xml:12:9-41
33        android:roundIcon="@mipmap/ic_launcher_round"
33-->src/main/AndroidManifest.xml:13:9-54
34        android:supportsRtl="true"
34-->src/main/AndroidManifest.xml:14:9-35
35        android:theme="@style/Theme.AppTheme" >
35-->src/main/AndroidManifest.xml:16:9-46
36        <activity
36-->src/main/AndroidManifest.xml:17:9-28:20
37            android:name="com.zebra.rfid.demo.sdksample.MainActivity"
37-->src/main/AndroidManifest.xml:18:13-41
38            android:exported="true"
38-->src/main/AndroidManifest.xml:22:13-36
39            android:label="@string/app_name"
39-->src/main/AndroidManifest.xml:19:13-45
40            android:screenOrientation="portrait" >
40-->src/main/AndroidManifest.xml:20:13-49
41            <intent-filter>
41-->src/main/AndroidManifest.xml:23:13-27:29
42                <action android:name="android.intent.action.MAIN" />
42-->src/main/AndroidManifest.xml:24:17-69
42-->src/main/AndroidManifest.xml:24:25-66
43
44                <category android:name="android.intent.category.LAUNCHER" />
44-->src/main/AndroidManifest.xml:26:17-77
44-->src/main/AndroidManifest.xml:26:27-74
45            </intent-filter>
46        </activity>
47        <activity
47-->[com.google.android.gms:play-services-base:17.5.0] AndroidManifest.xml:23:9-26:75
48            android:name="com.google.android.gms.common.api.GoogleApiActivity"
48-->[com.google.android.gms:play-services-base:17.5.0] AndroidManifest.xml:24:13-79
49            android:exported="false"
49-->[com.google.android.gms:play-services-base:17.5.0] AndroidManifest.xml:25:13-37
50            android:theme="@android:style/Theme.Translucent.NoTitleBar" />
50-->[com.google.android.gms:play-services-base:17.5.0] AndroidManifest.xml:26:13-72
51
52        <meta-data
52-->[com.google.android.gms:play-services-basement:17.5.0] AndroidManifest.xml:23:9-25:69
53            android:name="com.google.android.gms.version"
53-->[com.google.android.gms:play-services-basement:17.5.0] AndroidManifest.xml:24:13-58
54            android:value="@integer/google_play_services_version" />
54-->[com.google.android.gms:play-services-basement:17.5.0] AndroidManifest.xml:25:13-66
55    </application>
56
57</manifest>